<?xml version="1.0" encoding="UTF-8"?>
<!-- Generated by org.testng.reporters.JUnitXMLReporter -->
<testsuite ignored="0" hostname="LAPTOP-166GD89A" failures="1" tests="3" name="Test" time="13.634" errors="0" timestamp="2025-05-14T15:50:48 IST">
  <testcase classname="day46.OrangeHRMTest" name="testLogo" time="2.107"/>
  <testcase classname="day46.OrangeHRMTest" name="testAppUrl" time="0.028">
    <failure type="java.lang.AssertionError" message="expected [https://opensource-demo.orangehrmlive.com] but found [https://opensource-demo.orangehrmlive.com/web/index.php/auth/login]">
      <![CDATA[java.lang.AssertionError: expected [https://opensource-demo.orangehrmlive.com] but found [https://opensource-demo.orangehrmlive.com/web/index.php/auth/login]
at day46.OrangeHRMTest.testAppUrl(OrangeHRMTest.java:40)
at java.base/java.util.ArrayList.forEach(ArrayList.java:1597)
... Removed 31 stack frames]]>
    </failure>
  </testcase> <!-- testAppUrl -->
  <testcase classname="day46.OrangeHRMTest" name="testHomePageTitle" time="0.0">
    <skipped/>
  </testcase> <!-- testHomePageTitle -->
</testsuite> <!-- Test -->
